<?xml version="1.0" encoding="UTF-8"?>
<!-- Generated by org.testng.reporters.JUnitReportReporter -->
<testsuite hostname="DESKTOP-E5IQ7J0" failures="0" tests="1" name="driver_factory.AppTest" time="106.575" errors="0" timestamp="2024-01-26T18:07:05 IST" skipped="0">
  <testcase classname="driver_factory.AppTest" name="startTest" time="106.575">
    <system-out>
      <![CDATA[No of rows are::11
Customer Added Fail::Customer-00000000972----Customer-00000000668
Customer Added Success::Customer-00000000973----Customer-00000000973
Customer Added Success::Customer-00000000974----Customer-00000000974
Customer Added Success::Customer-00000000975----Customer-00000000975
Customer Added Success::Customer-00000000976----Customer-00000000976
Customer Added Success::Customer-00000000977----Customer-00000000977
Customer Added Success::Customer-00000000978----Customer-00000000978
Customer Added Success::Customer-00000000979----Customer-00000000979
Customer Added Success::Customer-00000000980----Customer-00000000980
Customer Added Success::Customer-00000000981----Customer-00000000981
Customer Added Success::Customer-00000000982----Customer-00000000982]]>
    </system-out>
  </testcase> <!-- startTest -->
  <system-out>
    <![CDATA[No of rows are::11
Customer Added Fail::Customer-00000000972----Customer-00000000668
Customer Added Success::Customer-00000000973----Customer-00000000973
Customer Added Success::Customer-00000000974----Customer-00000000974
Customer Added Success::Customer-00000000975----Customer-00000000975
Customer Added Success::Customer-00000000976----Customer-00000000976
Customer Added Success::Customer-00000000977----Customer-00000000977
Customer Added Success::Customer-00000000978----Customer-00000000978
Customer Added Success::Customer-00000000979----Customer-00000000979
Customer Added Success::Customer-00000000980----Customer-00000000980
Customer Added Success::Customer-00000000981----Customer-00000000981
Customer Added Success::Customer-00000000982----Customer-00000000982]]>
  </system-out>
</testsuite> <!-- driver_factory.AppTest -->
